Parse Tree:
program_decl_no_func
  program
  id	TestWhile
  ;
  var_single_decl_assign
    var
    id	i
    :
    int_type
    =
    factor_cte_num
      int	1
    ;
  main
  body_statements
    {
    cycle
      while
      (
      expresion_comparison_op
        factor_id
          id	i
        <=
        factor_cte_num
          int	5
      )
      do
      body_statements
        {
        print_single
          print
          (
          factor_id
            id	i
          )
          ;
        assign
          id	i
          =
          exp_plus
            factor_id
              id	i
            +
            factor_cte_num
              int	1
          ;
        }
      ;
    }
  end

IR:
('program', 'TestWhile', [('var_decl', ['i'], 'int', ('cte_num', 1), 'var')], [], ('body_statements', [('cycle', ('expresion_comparison_op', ('id', 'i'), Token('LTE', '<='), ('cte_num', 5)), ('body_statements', [('print', [('id', 'i')]), ('assign', 'i', ('exp_plus', ('id', 'i'), ('cte_num', 1)))]))]))

Symbol Table:
Container: global
  Parameters:
  Symbols:
  i: int, 6, var, None

