Parse Tree:
program_decl_no_func
  program_pt1	program
  program_pt2
    id	TestIfElse
    ;
  var_single_decl_assign
    var
    id	score
    :
    int_type
    =
    factor_cte_num
      int	85
    ;
  main
  body_statements
    {
    condition_if_else
      if
      (
      binary_comparison
        factor_id
          id	score
        comparison_op	>=
        factor_cte_num
          int	90
      )
      body_statements
        {
        print_single
          print
          (
          cte_string	"A"
          )
          ;
        }
      else
      body_statements
        {
        print_single
          print
          (
          cte_string	"B"
          )
          ;
        }
      ;
    }
  end

IR:
ProgramNode(name='TestIfElse', global_decls=[VarDeclNode(names=[IdNode(name='score')], var_type='int', init_value=CteNumNode(value=85), category='var')], functions=[], main_body=BodyNode(statements=[IfElseNode(condition=ComparisonNode(op='>=', left=IdNode(name='score'), right=CteNumNode(value=90)), then_body=BodyNode(statements=[PrintNode(values=[CteStringNode(value='A')])]), else_body=BodyNode(statements=[PrintNode(values=[CteStringNode(value='B')])]))]))

Symbol Table:
Container: TestIfElse
  Parameters:
  Symbols:
  score: int, 14000, var, None

