Parse Tree:
program_decl_no_func
  program_pt1	program
  program_pt2
    id	TestVars
    ;
  const_decl
    const
    id	PI
    :
    float_type
    =
    factor_cte_num
      float	3.14159
    ;
  var_single_decl_assign
    var
    id	radius
    :
    float_type
    =
    factor_cte_num
      float	5.0
    ;
  var_single_decl_no_assign
    var
    id	area
    :
    float_type
    ;
  main
  body_statements
    {
    assign
      id	area
      =
      term_mult
        term_mult
          factor_id
            id	PI
          *
          factor_id
            id	radius
        *
        factor_id
          id	radius
      ;
    print_single
      print
      (
      factor_id
        id	area
      )
      ;
    }
  end

IR:
ProgramNode(name='TestVars', global_decls=[VarDeclNode(names=[IdNode(name='PI')], var_type='float', init_value=CteNumNode(value=3.14159), category='const'), VarDeclNode(names=[IdNode(name='radius')], var_type='float', init_value=CteNumNode(value=5.0), category='var'), VarDeclNode(names=[IdNode(name='area')], var_type='float', init_value=None, category='var')], functions=[], main_body=BodyNode(statements=[AssignNode(var_name='area', expr=MultiplicativeOpNode(op='*', left=MultiplicativeOpNode(op='*', left=IdNode(name='PI'), right=IdNode(name='radius')), right=IdNode(name='radius'))), PrintNode(values=[IdNode(name='area')])]))

Symbol Table:
Container: TestVars
  Parameters:
  Symbols:
  PI: float, 16000, const, None
  radius: float, 16001, var, None
  area: float, 10001, var, None

