Parse Tree:
program_decl_no_func
  program_pt1	program
  program_pt2
    id	TestPrint
    ;
  var_single_decl_assign
    var
    id	num1
    :
    int_type
    =
    factor_cte_num
      int	25
    ;
  var_single_decl_assign
    var
    id	num2
    :
    float_type
    =
    exp_plus
      factor_cte_num
        float	2.5
      +
      factor_id
        id	num1
    ;
  main
  body_statements
    {
    print_multiple
      print
      (
      cte_string	"Num1:"
      ,
      factor_id
        id	num1
      ,
      cte_string	", Num2:"
      ,
      factor_id
        id	num2
      )
      ;
    }
  end

IR:
ProgramNode(name='TestPrint', global_decls=[VarDeclNode(names=[IdNode(name='num1')], var_type='int', init_value=CteNumNode(value=25), category='var'), VarDeclNode(names=[IdNode(name='num2')], var_type='float', init_value=ArithmeticOpNode(op='+', left=CteNumNode(value=2.5), right=IdNode(name='num1')), category='var')], functions=[], main_body=BodyNode(statements=[PrintNode(values=[CteStringNode(value='Num1:'), IdNode(name='num1'), CteStringNode(value=', Num2:'), IdNode(name='num2')])]))

Symbol Table:
Container: TestPrint
  Parameters:
  Symbols:
  num1: int, 14000, var, None
  num2: float, 3000, var, None

