Parse Tree:
program_decl_no_func
  program
  id	TestExpr
  ;
  var_single_decl_assign
    var
    id	x
    :
    int_type
    =
    factor_cte_num
      int	5
    ;
  var_single_decl_no_assign
    var
    id	y
    :
    int_type
    ;
  main
  body_statements
    {
    assign
      id	y
      =
      exp_minus
        term_mult
          parenthesis_expresion
            (
            exp_plus
              factor_id
                id	x
              +
              factor_cte_num
                int	3
            )
          *
          factor_cte_num
            int	2
        -
        term_div
          factor_cte_num
            int	4
          /
          factor_cte_num
            int	2
      ;
    print_single
      print
      (
      factor_id
        id	y
      )
      ;
    }
  end

IR:
('program', 'TestExpr', [('var_decl', ['x'], 'int', ('cte_num', 5), 'var'), ('var_decl', ['y'], 'int', None, 'var')], [], ('body_statements', [('assign', 'y', ('exp_minus', ('term_mult', ('exp_plus', ('id', 'x'), ('cte_num', 3)), ('cte_num', 2)), ('term_div', ('cte_num', 4), ('cte_num', 2)))), ('print', [('id', 'y')])]))

Symbol Table:
Container: global
  Parameters:
  Symbols:
  x: int, 5, var, None
  y: int, 14.0, var, None

