Parse Tree:
program_func_no_decl
  program
  id	TestFunction
  ;
  function_no_params_no_var_decl
    void
    id	greet
    (
    )
    [
    body_statements
      {
      print_single
        print
        (
        cte_string	"Hello, world!"
        )
        ;
      }
    ]
    ;
  main
  body_statements
    {
    func_call_no_params
      id	greet
      (
      )
      ;
    }
  end

IR:
('program', 'TestFunction', [], [('function_decl', 'greet', [], ('body_statements', [('print', [('cte_string', 'Hello, world!')])]), [])], ('body_statements', [('func_call', 'greet', [])]))

Symbol Table:
Container: global
  Parameters:
  Symbols:
Container: greet
  Parameters:
  Symbols:

